Started GET "/" for 127.0.0.1 at 2017-12-06 23:25:06 +0900
  [1m[35m (41.1ms)[0m  [1m[34mSELECT "schema_migrations"."version" FROM "schema_migrations" ORDER BY "schema_migrations"."version" ASC[0m
Processing by UserAuthenticationController#index as HTML
Redirected to http://localhost:3000/timecard/index
Completed 302 Found in 14ms (ActiveRecord: 0.0ms)


Started GET "/timecard/index" for 127.0.0.1 at 2017-12-06 23:25:17 +0900
Processing by TimecardController#index as HTML
  [1m[35m (31.4ms)[0m  [1m[34mSELECT COUNT(*) FROM "work_starts" WHERE (pressed_at >= '2017-12-08' and pressed_at < '2017-12-09' and user_id = 1)[0m
  [1m[35m (89.3ms)[0m  [1m[34mSELECT COUNT(*) FROM "work_ends" WHERE (pressed_at >= '2017-12-08' and pressed_at < '2017-12-09' and user_id = 1)[0m
  Rendering timecard/index.html.erb within layouts/timecard
  Rendered timecard/index.html.erb within layouts/timecard (28.1ms)
Completed 200 OK in 290ms (Views: 129.5ms | ActiveRecord: 125.7ms)


Started POST "/logout" for 127.0.0.1 at 2017-12-06 23:25:20 +0900
Processing by UserAuthenticationController#logout as HTML
  Parameters: {"utf8"=>"✓", "authenticity_token"=>"tKktdF92rOdUOUp0ZZ+k+KPN1InS8uBUlWk7kbyT/u66hCLlorpx5+Qf++GunvHG28N/UoFg5jhHibuBvsHTTA==", "commit"=>"ログアウト"}
Redirected to http://localhost:3000/
Completed 302 Found in 2ms (ActiveRecord: 0.0ms)


Started GET "/" for 127.0.0.1 at 2017-12-06 23:25:20 +0900
Processing by UserAuthenticationController#index as HTML
  Rendering user_authentication/index.html.erb within layouts/user_authentication
  Rendered user_authentication/index.html.erb within layouts/user_authentication (144.0ms)
Completed 200 OK in 202ms (Views: 182.2ms | ActiveRecord: 0.0ms)


Started POST "/login?method=post" for 127.0.0.1 at 2017-12-06 23:25:21 +0900
Processing by UserAuthenticationController#login as HTML
  Parameters: {"utf8"=>"✓", "authenticity_token"=>"9Uu4mGANUrDN+4vzsoAd9qp//1p37wWySk0fE62pb3+oTtNN4L3V2gFBsZBuWo2dRrlk+wLEzHyb8tzguyyeug==", "user_id"=>"test@test.test", "password"=>"[FILTERED]", "commit"=>"ログイン", "method"=>"post"}
  [1m[36mUser Load (161.4ms)[0m  [1m[34mSELECT  "users".* FROM "users" WHERE "users"."user_id" = $1 LIMIT $2[0m  [["user_id", "test@test.test"], ["LIMIT", 1]]
Redirected to http://localhost:3000/timecard/index
Completed 302 Found in 321ms (ActiveRecord: 228.7ms)


Started GET "/timecard/index" for 127.0.0.1 at 2017-12-06 23:25:22 +0900
Processing by TimecardController#index as HTML
  [1m[35m (1.0ms)[0m  [1m[34mSELECT COUNT(*) FROM "work_starts" WHERE (pressed_at >= '2017-12-08' and pressed_at < '2017-12-09' and user_id = 1)[0m
  [1m[35m (1.0ms)[0m  [1m[34mSELECT COUNT(*) FROM "work_ends" WHERE (pressed_at >= '2017-12-08' and pressed_at < '2017-12-09' and user_id = 1)[0m
  Rendering timecard/index.html.erb within layouts/timecard
  Rendered timecard/index.html.erb within layouts/timecard (2.0ms)
Completed 200 OK in 63ms (Views: 36.7ms | ActiveRecord: 2.0ms)


Started POST "/logout" for 127.0.0.1 at 2017-12-06 23:25:33 +0900
Processing by UserAuthenticationController#logout as HTML
  Parameters: {"utf8"=>"✓", "authenticity_token"=>"Cz/jMrcVvvy3jFOt479cypeXUBxFzx0pk8npxokNLFsFEuyjStlj/Aeq4jgovgn075n7xxZdG0VBKWnWi18B+Q==", "commit"=>"ログアウト"}
Redirected to http://localhost:3000/
Completed 302 Found in 2ms (ActiveRecord: 0.0ms)


Started GET "/" for 127.0.0.1 at 2017-12-06 23:25:33 +0900
Processing by UserAuthenticationController#index as HTML
  Rendering user_authentication/index.html.erb within layouts/user_authentication
  Rendered user_authentication/index.html.erb within layouts/user_authentication (1.0ms)
Completed 200 OK in 55ms (Views: 37.7ms | ActiveRecord: 0.0ms)


